<?xml version="1.0" encoding="UTF-8"?>
<coverage generated="1506219420869" clover="3.2.0">
  <project timestamp="1506219420869" name="All files">
    <metrics statements="12" coveredstatements="3" conditionals="0" coveredconditionals="0" methods="4" coveredmethods="2" elements="16" coveredelements="5" complexity="0" loc="12" ncloc="12" packages="1" files="1" classes="1">
      <file name="utils.js" path="/home/vagrant/dev/board-games/poker/js/src/utils.js">
        <metrics statements="12" coveredstatements="3" conditionals="0" coveredconditionals="0" methods="4" coveredmethods="2"/>
        <line num="4" count="3" type="stmt"/>
        <line num="8" count="2" type="stmt"/>
        <line num="11" count="1" type="stmt"/>
        <line num="14" count="0" type="stmt"/>
        <line num="16" count="0" type="stmt"/>
        <line num="20" count="0" type="stmt"/>
        <line num="23" count="0" type="stmt"/>
        <line num="24" count="0" type="stmt"/>
        <line num="25" count="0" type="stmt"/>
        <line num="26" count="0" type="stmt"/>
        <line num="27" count="0" type="stmt"/>
        <line num="30" count="0" type="stmt"/>
      </file>
    </metrics>
  </project>
</coverage>
