{"/home/vagrant/dev/board-games/poker/js/src/builders.js": {"path":"/home/vagrant/dev/board-games/poker/js/src/builders.js","statementMap":{"0":{"start":{"line":26,"column":2},"end":{"line":29,"column":5}},"1":{"start":{"line":26,"column":66},"end":{"line":29,"column":3}},"2":{"start":{"line":33,"column":2},"end":{"line":33,"column":34}},"3":{"start":{"line":37,"column":30},"end":{"line":37,"column":57}},"4":{"start":{"line":39,"column":2},"end":{"line":41,"column":5}},"5":{"start":{"line":39,"column":51},"end":{"line":41,"column":3}},"6":{"start":{"line":45,"column":28},"end":{"line":45,"column":58}},"7":{"start":{"line":46,"column":25},"end":{"line":46,"column":42}},"8":{"start":{"line":48,"column":2},"end":{"line":50,"column":4}},"9":{"start":{"line":49,"column":4},"end":{"line":49,"column":48}},"10":{"start":{"line":52,"column":2},"end":{"line":57,"column":3}},"11":{"start":{"line":61,"column":28},"end":{"line":63,"column":10}},"12":{"start":{"line":64,"column":30},"end":{"line":66,"column":10}},"13":{"start":{"line":67,"column":25},"end":{"line":69,"column":21}},"14":{"start":{"line":71,"column":2},"end":{"line":77,"column":3}},"15":{"start":{"line":74,"column":55},"end":{"line":76,"column":6}}},"fnMap":{"0":{"name":"createPlayers","decl":{"start":{"line":25,"column":16},"end":{"line":25,"column":29}},"loc":{"start":{"line":25,"column":63},"end":{"line":30,"column":1}},"line":25},"1":{"name":"(anonymous_1)","decl":{"start":{"line":26,"column":40},"end":{"line":26,"column":41}},"loc":{"start":{"line":26,"column":66},"end":{"line":29,"column":3}},"line":26},"2":{"name":"getShuffledDeck","decl":{"start":{"line":32,"column":9},"end":{"line":32,"column":24}},"loc":{"start":{"line":32,"column":33},"end":{"line":34,"column":1}},"line":32},"3":{"name":"getChips","decl":{"start":{"line":36,"column":9},"end":{"line":36,"column":17}},"loc":{"start":{"line":36,"column":48},"end":{"line":42,"column":1}},"line":36},"4":{"name":"(anonymous_4)","decl":{"start":{"line":39,"column":38},"end":{"line":39,"column":39}},"loc":{"start":{"line":39,"column":51},"end":{"line":41,"column":3}},"line":39},"5":{"name":"createGame","decl":{"start":{"line":44,"column":16},"end":{"line":44,"column":26}},"loc":{"start":{"line":44,"column":49},"end":{"line":58,"column":1}},"line":44},"6":{"name":"(anonymous_6)","decl":{"start":{"line":48,"column":18},"end":{"line":48,"column":19}},"loc":{"start":{"line":48,"column":38},"end":{"line":50,"column":3}},"line":48},"7":{"name":"createRound","decl":{"start":{"line":60,"column":16},"end":{"line":60,"column":27}},"loc":{"start":{"line":60,"column":47},"end":{"line":78,"column":1}},"line":60},"8":{"name":"(anonymous_8)","decl":{"start":{"line":74,"column":38},"end":{"line":74,"column":39}},"loc":{"start":{"line":74,"column":55},"end":{"line":76,"column":6}},"line":74}},"branchMap":{"0":{"loc":{"start":{"line":61,"column":28},"end":{"line":63,"column":10}},"type":"cond-expr","locations":[{"start":{"line":62,"column":6},"end":{"line":62,"column":41}},{"start":{"line":63,"column":6},"end":{"line":63,"column":10}}],"line":61},"1":{"loc":{"start":{"line":61,"column":28},"end":{"line":61,"column":65}},"type":"binary-expr","locations":[{"start":{"line":61,"column":28},"end":{"line":61,"column":39}},{"start":{"line":61,"column":43},"end":{"line":61,"column":65}}],"line":61},"2":{"loc":{"start":{"line":64,"column":30},"end":{"line":66,"column":10}},"type":"cond-expr","locations":[{"start":{"line":65,"column":6},"end":{"line":65,"column":22}},{"start":{"line":66,"column":6},"end":{"line":66,"column":10}}],"line":64},"3":{"loc":{"start":{"line":67,"column":25},"end":{"line":69,"column":21}},"type":"cond-expr","locations":[{"start":{"line":68,"column":6},"end":{"line":68,"column":53}},{"start":{"line":69,"column":6},"end":{"line":69,"column":21}}],"line":67}},"s":{"0":1,"1":1,"2":1,"3":1,"4":1,"5":1,"6":1,"7":1,"8":1,"9":1,"10":1,"11":1,"12":1,"13":1,"14":1,"15":1},"f":{"0":1,"1":1,"2":1,"3":1,"4":1,"5":1,"6":1,"7":1,"8":1},"b":{"0":[0,1],"1":[1,0],"2":[0,1],"3":[0,1]},"_coverageSchema":"332fd63041d2c1bcb487cc26dd0d5f7d97098a6c","hash":"4ddb9cd4cb7660d0d4133af879c77b3c957796ce"}
,"/home/vagrant/dev/board-games/poker/js/src/derivates.js": {"path":"/home/vagrant/dev/board-games/poker/js/src/derivates.js","statementMap":{"0":{"start":{"line":12,"column":2},"end":{"line":14,"column":7}},"1":{"start":{"line":13,"column":4},"end":{"line":13,"column":43}},"2":{"start":{"line":18,"column":22},"end":{"line":18,"column":45}},"3":{"start":{"line":20,"column":2},"end":{"line":22,"column":3}},"4":{"start":{"line":21,"column":4},"end":{"line":21,"column":21}},"5":{"start":{"line":24,"column":2},"end":{"line":24,"column":25}}},"fnMap":{"0":{"name":"calculateMoneyFromChips","decl":{"start":{"line":11,"column":16},"end":{"line":11,"column":39}},"loc":{"start":{"line":11,"column":63},"end":{"line":15,"column":1}},"line":11},"1":{"name":"(anonymous_1)","decl":{"start":{"line":12,"column":22},"end":{"line":12,"column":23}},"loc":{"start":{"line":12,"column":59},"end":{"line":14,"column":3}},"line":12},"2":{"name":"getNextPlayerToPlayer","decl":{"start":{"line":17,"column":16},"end":{"line":17,"column":37}},"loc":{"start":{"line":17,"column":81},"end":{"line":25,"column":1}},"line":17}},"branchMap":{"0":{"loc":{"start":{"line":20,"column":2},"end":{"line":22,"column":3}},"type":"if","locations":[{"start":{"line":20,"column":2},"end":{"line":22,"column":3}},{"start":{"line":20,"column":2},"end":{"line":22,"column":3}}],"line":20}},"s":{"0":1,"1":3,"2":2,"3":2,"4":1,"5":1},"f":{"0":1,"1":3,"2":2},"b":{"0":[1,1]},"_coverageSchema":"332fd63041d2c1bcb487cc26dd0d5f7d97098a6c","hash":"758affc7f5aeab2689a81be4ec83f70e15589a37"}
,"/home/vagrant/dev/board-games/poker/js/src/game-loop.js": {"path":"/home/vagrant/dev/board-games/poker/js/src/game-loop.js","statementMap":{"0":{"start":{"line":1,"column":13},"end":{"line":1,"column":75}},"1":{"start":{"line":1,"column":75},"end":{"line":71,"column":26}},"2":{"start":{"line":71,"column":40},"end":{"line":71,"column":59}},"3":{"start":{"line":71,"column":76},"end":{"line":71,"column":97}},"4":{"start":{"line":71,"column":115},"end":{"line":71,"column":137}},"5":{"start":{"line":71,"column":168},"end":{"line":71,"column":191}},"6":{"start":{"line":72,"column":74},"end":{"line":72,"column":86}},"7":{"start":{"line":72,"column":109},"end":{"line":72,"column":111}},"8":{"start":{"line":72,"column":143},"end":{"line":72,"column":144}},"9":{"start":{"line":72,"column":145},"end":{"line":72,"column":392}},"10":{"start":{"line":72,"column":196},"end":{"line":72,"column":250}},"11":{"start":{"line":72,"column":243},"end":{"line":72,"column":249}},"12":{"start":{"line":72,"column":263},"end":{"line":72,"column":277}},"13":{"start":{"line":72,"column":278},"end":{"line":72,"column":303}},"14":{"start":{"line":72,"column":303},"end":{"line":72,"column":328}},"15":{"start":{"line":72,"column":328},"end":{"line":72,"column":391}},"16":{"start":{"line":72,"column":392},"end":{"line":72,"column":451}},"17":{"start":{"line":72,"column":437},"end":{"line":72,"column":450}},"18":{"start":{"line":72,"column":451},"end":{"line":72,"column":472}},"19":{"start":{"line":72,"column":539},"end":{"line":72,"column":582}},"20":{"start":{"line":72,"column":583},"end":{"line":72,"column":680}},"21":{"start":{"line":72,"column":595},"end":{"line":72,"column":679}},"22":{"start":{"line":72,"column":736},"end":{"line":72,"column":741}},"23":{"start":{"line":72,"column":761},"end":{"line":72,"column":820}},"24":{"start":{"line":72,"column":838},"end":{"line":72,"column":901}},"25":{"start":{"line":72,"column":902},"end":{"line":72,"column":957}},"26":{"start":{"line":72,"column":957},"end":{"line":72,"column":1014}},"27":{"start":{"line":72,"column":1014},"end":{"line":72,"column":1033}},"28":{"start":{"line":74,"column":2},"end":{"line":80,"column":3}},"29":{"start":{"line":75,"column":18},"end":{"line":75,"column":50}},"30":{"start":{"line":77,"column":4},"end":{"line":77,"column":30}},"31":{"start":{"line":79,"column":4},"end":{"line":79,"column":33}},"32":{"start":{"line":82,"column":2},"end":{"line":86,"column":77}}},"fnMap":{"0":{"name":"getGameWinner","decl":{"start":{"line":71,"column":147},"end":{"line":71,"column":160}},"loc":{"start":{"line":71,"column":167},"end":{"line":71,"column":192}},"line":71},"1":{"name":"extractChipsFromPlayer","decl":{"start":{"line":72,"column":9},"end":{"line":72,"column":31}},"loc":{"start":{"line":72,"column":53},"end":{"line":72,"column":473}},"line":72},"2":{"name":"addBetOfChips","decl":{"start":{"line":72,"column":482},"end":{"line":72,"column":495}},"loc":{"start":{"line":72,"column":524},"end":{"line":72,"column":681}},"line":72},"3":{"name":"processRound","decl":{"start":{"line":72,"column":690},"end":{"line":72,"column":702}},"loc":{"start":{"line":72,"column":716},"end":{"line":72,"column":1034}},"line":72},"4":{"name":"processGame","decl":{"start":{"line":72,"column":1043},"end":{"line":72,"column":1054}},"loc":{"start":{"line":72,"column":1061},"end":{"line":89,"column":1}},"line":72}},"branchMap":{"0":{"loc":{"start":{"line":72,"column":196},"end":{"line":72,"column":250}},"type":"if","locations":[{"start":{"line":72,"column":196},"end":{"line":72,"column":250}},{"start":{"line":72,"column":196},"end":{"line":72,"column":250}}],"line":72},"1":{"loc":{"start":{"line":72,"column":392},"end":{"line":72,"column":451}},"type":"if","locations":[{"start":{"line":72,"column":392},"end":{"line":72,"column":451}},{"start":{"line":72,"column":392},"end":{"line":72,"column":451}}],"line":72},"2":{"loc":{"start":{"line":72,"column":583},"end":{"line":72,"column":680}},"type":"if","locations":[{"start":{"line":72,"column":583},"end":{"line":72,"column":680}},{"start":{"line":72,"column":583},"end":{"line":72,"column":680}}],"line":72},"3":{"loc":{"start":{"line":72,"column":628},"end":{"line":72,"column":663}},"type":"binary-expr","locations":[{"start":{"line":72,"column":628},"end":{"line":72,"column":657}},{"start":{"line":72,"column":661},"end":{"line":72,"column":663}}],"line":72}},"s":{"0":0,"1":0,"2":0,"3":0,"4":0,"5":0,"6":0,"7":0,"8":0,"9":0,"10":0,"11":0,"12":0,"13":0,"14":0,"15":0,"16":0,"17":0,"18":0,"19":0,"20":0,"21":0,"22":0,"23":0,"24":0,"25":0,"26":0,"27":0,"28":0,"29":0,"30":0,"31":0,"32":0},"f":{"0":0,"1":0,"2":0,"3":0,"4":0},"b":{"0":[0,0],"1":[0,0],"2":[0,0],"3":[0,0]}}
,"/home/vagrant/dev/board-games/poker/js/src/index.js": {"path":"/home/vagrant/dev/board-games/poker/js/src/index.js","statementMap":{"0":{"start":{"line":3,"column":0},"end":{"line":3,"column":24}},"1":{"start":{"line":7,"column":0},"end":{"line":7,"column":6}}},"fnMap":{},"branchMap":{},"s":{"0":1,"1":1},"f":{},"b":{},"_coverageSchema":"332fd63041d2c1bcb487cc26dd0d5f7d97098a6c","hash":"096914f0792008a54dc8068765e1b32f5d700967"}
,"/home/vagrant/dev/board-games/poker/js/src/main.js": {"path":"/home/vagrant/dev/board-games/poker/js/src/main.js","statementMap":{"0":{"start":{"line":21,"column":29},"end":{"line":21,"column":36}},"1":{"start":{"line":22,"column":31},"end":{"line":22,"column":44}},"2":{"start":{"line":23,"column":25},"end":{"line":23,"column":35}},"3":{"start":{"line":26,"column":29},"end":{"line":26,"column":66}},"4":{"start":{"line":27,"column":36},"end":{"line":27,"column":75}},"5":{"start":{"line":28,"column":28},"end":{"line":28,"column":61}},"6":{"start":{"line":29,"column":21},"end":{"line":33,"column":4}},"7":{"start":{"line":35,"column":33},"end":{"line":35,"column":50}},"8":{"start":{"line":37,"column":2},"end":{"line":37,"column":51}},"9":{"start":{"line":41,"column":0},"end":{"line":47,"column":1}},"10":{"start":{"line":42,"column":2},"end":{"line":46,"column":3}}},"fnMap":{"0":{"name":"(anonymous_0)","decl":{"start":{"line":25,"column":15},"end":{"line":25,"column":16}},"loc":{"start":{"line":25,"column":21},"end":{"line":38,"column":1}},"line":25}},"branchMap":{"0":{"loc":{"start":{"line":41,"column":0},"end":{"line":47,"column":1}},"type":"if","locations":[{"start":{"line":41,"column":0},"end":{"line":47,"column":1}}],"line":41}},"s":{"0":1,"1":1,"2":1,"3":3,"4":3,"5":3,"6":3,"7":3,"8":3,"9":1,"10":1},"f":{"0":3},"b":{"0":[1]},"_coverageSchema":"332fd63041d2c1bcb487cc26dd0d5f7d97098a6c","hash":"b84ab422295a389b06330a52fba4eac1d2a3bc9e"}
,"/home/vagrant/dev/board-games/poker/js/src/static.js": {"path":"/home/vagrant/dev/board-games/poker/js/src/static.js","statementMap":{"0":{"start":{"line":4,"column":25},"end":{"line":18,"column":1}},"1":{"start":{"line":21,"column":24},"end":{"line":26,"column":1}},"2":{"start":{"line":28,"column":31},"end":{"line":33,"column":1}},"3":{"start":{"line":48,"column":30},"end":{"line":48,"column":58}},"4":{"start":{"line":49,"column":32},"end":{"line":49,"column":61}},"5":{"start":{"line":50,"column":30},"end":{"line":50,"column":58}},"6":{"start":{"line":52,"column":36},"end":{"line":52,"column":94}},"7":{"start":{"line":52,"column":75},"end":{"line":52,"column":93}},"8":{"start":{"line":54,"column":2},"end":{"line":56,"column":9}},"9":{"start":{"line":54,"column":75},"end":{"line":56,"column":4}},"10":{"start":{"line":57,"column":36},"end":{"line":57,"column":59}},"11":{"start":{"line":59,"column":26},"end":{"line":67,"column":6}},"12":{"start":{"line":60,"column":28},"end":{"line":64,"column":5}},"13":{"start":{"line":60,"column":90},"end":{"line":64,"column":3}},"14":{"start":{"line":66,"column":2},"end":{"line":66,"column":34}},"15":{"start":{"line":86,"column":25},"end":{"line":93,"column":1}}},"fnMap":{"0":{"name":"(anonymous_0)","decl":{"start":{"line":52,"column":50},"end":{"line":52,"column":51}},"loc":{"start":{"line":52,"column":75},"end":{"line":52,"column":93}},"line":52},"1":{"name":"(anonymous_1)","decl":{"start":{"line":54,"column":19},"end":{"line":54,"column":20}},"loc":{"start":{"line":54,"column":75},"end":{"line":56,"column":4}},"line":54},"2":{"name":"(anonymous_2)","decl":{"start":{"line":59,"column":43},"end":{"line":59,"column":44}},"loc":{"start":{"line":59,"column":106},"end":{"line":67,"column":1}},"line":59},"3":{"name":"(anonymous_3)","decl":{"start":{"line":60,"column":43},"end":{"line":60,"column":44}},"loc":{"start":{"line":60,"column":90},"end":{"line":64,"column":3}},"line":60}},"branchMap":{},"s":{"0":2,"1":2,"2":2,"3":2,"4":2,"5":2,"6":2,"7":8,"8":2,"9":8,"10":2,"11":2,"12":8,"13":104,"14":8,"15":2},"f":{"0":8,"1":8,"2":8,"3":104},"b":{},"_coverageSchema":"332fd63041d2c1bcb487cc26dd0d5f7d97098a6c","hash":"bb621f12bedf09c56ed42354d9440144660c179a"}
,"/home/vagrant/dev/board-games/poker/js/src/utils.js": {"path":"/home/vagrant/dev/board-games/poker/js/src/utils.js","statementMap":{"0":{"start":{"line":4,"column":2},"end":{"line":4,"column":34}},"1":{"start":{"line":8,"column":2},"end":{"line":8,"column":58}},"2":{"start":{"line":11,"column":24},"end":{"line":11,"column":25}},"3":{"start":{"line":14,"column":2},"end":{"line":14,"column":16}},"4":{"start":{"line":16,"column":2},"end":{"line":16,"column":18}},"5":{"start":{"line":20,"column":17},"end":{"line":20,"column":33}},"6":{"start":{"line":23,"column":2},"end":{"line":28,"column":3}},"7":{"start":{"line":24,"column":4},"end":{"line":24,"column":37}},"8":{"start":{"line":25,"column":4},"end":{"line":25,"column":16}},"9":{"start":{"line":26,"column":4},"end":{"line":26,"column":19}},"10":{"start":{"line":27,"column":4},"end":{"line":27,"column":12}},"11":{"start":{"line":30,"column":2},"end":{"line":30,"column":10}},"12":{"start":{"line":34,"column":0},"end":{"line":40,"column":1}},"13":{"start":{"line":35,"column":2},"end":{"line":39,"column":3}},"14":{"start":{"line":37,"column":6},"end":{"line":37,"column":19}}},"fnMap":{"0":{"name":"getArrOfLen","decl":{"start":{"line":3,"column":16},"end":{"line":3,"column":27}},"loc":{"start":{"line":3,"column":54},"end":{"line":5,"column":1}},"line":3},"1":{"name":"getRandomInt","decl":{"start":{"line":7,"column":16},"end":{"line":7,"column":28}},"loc":{"start":{"line":7,"column":63},"end":{"line":9,"column":1}},"line":7},"2":{"name":"generateId","decl":{"start":{"line":13,"column":16},"end":{"line":13,"column":26}},"loc":{"start":{"line":13,"column":36},"end":{"line":17,"column":1}},"line":13},"3":{"name":"createShuffledArray","decl":{"start":{"line":19,"column":16},"end":{"line":19,"column":35}},"loc":{"start":{"line":19,"column":56},"end":{"line":31,"column":1}},"line":19},"4":{"name":"(anonymous_4)","decl":{"start":{"line":36,"column":18},"end":{"line":36,"column":19}},"loc":{"start":{"line":36,"column":25},"end":{"line":38,"column":5}},"line":36}},"branchMap":{"0":{"loc":{"start":{"line":34,"column":0},"end":{"line":40,"column":1}},"type":"if","locations":[{"start":{"line":34,"column":0},"end":{"line":40,"column":1}}],"line":34}},"s":{"0":3,"1":2,"2":1,"3":3,"4":3,"5":1,"6":1,"7":3,"8":3,"9":3,"10":3,"11":1,"12":1,"13":1,"14":1},"f":{"0":3,"1":2,"2":3,"3":1,"4":1},"b":{"0":[1]},"_coverageSchema":"332fd63041d2c1bcb487cc26dd0d5f7d97098a6c","hash":"6f7d65e6f8232306576b5fbdfe627240c6c700e8"}
}
