TN:
SF:/home/vagrant/dev/board-games/poker/js/src/builders.js
FN:25,createPlayers
FN:26,(anonymous_1)
FN:32,getShuffledDeck
FN:36,getChips
FN:39,(anonymous_4)
FN:44,createGame
FN:48,(anonymous_6)
FN:60,createRound
FN:74,(anonymous_8)
FNF:9
FNH:9
FNDA:1,createPlayers
FNDA:1,(anonymous_1)
FNDA:1,getShuffledDeck
FNDA:1,getChips
FNDA:1,(anonymous_4)
FNDA:1,createGame
FNDA:1,(anonymous_6)
FNDA:1,createRound
FNDA:1,(anonymous_8)
DA:26,1
DA:33,1
DA:37,1
DA:39,1
DA:45,1
DA:46,1
DA:48,1
DA:49,1
DA:52,1
DA:61,1
DA:64,1
DA:67,1
DA:71,1
DA:74,1
LF:14
LH:14
BRDA:61,0,0,0
BRDA:61,0,1,1
BRDA:61,1,0,1
BRDA:61,1,1,0
BRDA:64,2,0,0
BRDA:64,2,1,1
BRDA:67,3,0,0
BRDA:67,3,1,1
BRF:8
BRH:4
end_of_record
TN:
SF:/home/vagrant/dev/board-games/poker/js/src/derivates.js
FN:11,calculateMoneyFromChips
FN:12,(anonymous_1)
FN:17,getNextPlayerToPlayer
FNF:3
FNH:3
FNDA:1,calculateMoneyFromChips
FNDA:3,(anonymous_1)
FNDA:2,getNextPlayerToPlayer
DA:12,1
DA:13,3
DA:18,2
DA:20,2
DA:21,1
DA:24,1
LF:6
LH:6
BRDA:20,0,0,1
BRDA:20,0,1,1
BRF:2
BRH:2
end_of_record
TN:
SF:/home/vagrant/dev/board-games/poker/js/src/game-loop.js
FN:71,getGameWinner
FN:72,extractChipsFromPlayer
FN:72,addBetOfChips
FN:72,processRound
FN:72,processGame
FNF:5
FNH:0
FNDA:0,getGameWinner
FNDA:0,extractChipsFromPlayer
FNDA:0,addBetOfChips
FNDA:0,processRound
FNDA:0,processGame
DA:1,0
DA:71,0
DA:72,0
DA:74,0
DA:75,0
DA:77,0
DA:79,0
DA:82,0
LF:8
LH:0
BRDA:72,0,0,0
BRDA:72,0,1,0
BRDA:72,1,0,0
BRDA:72,1,1,0
BRDA:72,2,0,0
BRDA:72,2,1,0
BRDA:72,3,0,0
BRDA:72,3,1,0
BRF:8
BRH:0
end_of_record
TN:
SF:/home/vagrant/dev/board-games/poker/js/src/index.js
FNF:0
FNH:0
DA:3,1
DA:7,1
LF:2
LH:2
BRF:0
BRH:0
end_of_record
TN:
SF:/home/vagrant/dev/board-games/poker/js/src/main.js
FN:25,(anonymous_0)
FNF:1
FNH:1
FNDA:3,(anonymous_0)
DA:21,1
DA:22,1
DA:23,1
DA:26,3
DA:27,3
DA:28,3
DA:29,3
DA:35,3
DA:37,3
DA:41,1
DA:42,1
LF:11
LH:11
BRDA:41,0,0,1
BRF:1
BRH:1
end_of_record
TN:
SF:/home/vagrant/dev/board-games/poker/js/src/static.js
FN:52,(anonymous_0)
FN:54,(anonymous_1)
FN:59,(anonymous_2)
FN:60,(anonymous_3)
FNF:4
FNH:4
FNDA:8,(anonymous_0)
FNDA:8,(anonymous_1)
FNDA:8,(anonymous_2)
FNDA:104,(anonymous_3)
DA:4,2
DA:21,2
DA:28,2
DA:48,2
DA:49,2
DA:50,2
DA:52,8
DA:54,8
DA:57,2
DA:59,2
DA:60,104
DA:66,8
DA:86,2
LF:13
LH:13
BRF:0
BRH:0
end_of_record
TN:
SF:/home/vagrant/dev/board-games/poker/js/src/utils.js
FN:3,getArrOfLen
FN:7,getRandomInt
FN:13,generateId
FN:19,createShuffledArray
FN:36,(anonymous_4)
FNF:5
FNH:5
FNDA:3,getArrOfLen
FNDA:2,getRandomInt
FNDA:3,generateId
FNDA:1,createShuffledArray
FNDA:1,(anonymous_4)
DA:4,3
DA:8,2
DA:11,1
DA:14,3
DA:16,3
DA:20,1
DA:23,1
DA:24,3
DA:25,3
DA:26,3
DA:27,3
DA:30,1
DA:34,1
DA:35,1
DA:37,1
LF:15
LH:15
BRDA:34,0,0,1
BRF:1
BRH:1
end_of_record
